#
# There is insufficient memory for the Java Runtime Environment to continue.
# Cannot create worker GC thread. Out of system resources.
# Possible reasons:
#   The system is out of physical RAM or swap space
#   The process is running with CompressedOops enabled, and the Java Heap may be blocking the growth of the native heap
# Possible solutions:
#   Reduce memory load on the system
#   Increase physical memory or swap space
#   Check if swap backing store is full
#   Decrease Java heap size (-Xmx/-Xms)
#   Decrease number of Java threads
#   Decrease Java thread stack sizes (-Xss)
#   Set larger code cache with -XX:ReservedCodeCacheSize=
#   JVM is running with Unscaled Compressed Oops mode in which the Java heap is
#     placed in the first 4GB address space. The Java Heap base address is the
#     maximum limit for the native heap growth. Please use -XX:HeapBaseMinAddress
#     to set the Java Heap base and to place the Java Heap above 4GB virtual address.
# This output file may be truncated or incomplete.
#
#  Out of Memory Error (workerManager.hpp:87), pid=74434, tid=74434
#
# JRE version:  (17.0.10+7) (build )
# Java VM: OpenJDK 64-Bit Server VM (17.0.10+7, mixed mode, sharing, tiered, compressed oops, compressed class ptrs, g1 gc, linux-amd64)
# Core dump will be written. Default location: Core dumps may be processed with "/usr/share/apport/apport -p%p -s%s -c%c -d%d -P%P -u%u -g%g -- %E" (or dumping to /home/ricardojunior/codigos/BolsaMPI/Gerenciador/SalaAutomaticaSimulador/core.74434)
#

---------------  S U M M A R Y ------------

Command Line: -Dapplication.home=/home/ricardojunior/.vscode/extensions/redhat.java-1.27.0-linux-x64/jre/17.0.10-linux-x86_64 -Xms8m -Djdk.module.main=jdk.jcmd jdk.jcmd/sun.tools.jcmd.JCmd 45941 VM.uptime

Host: 11th Gen Intel(R) Core(TM) i5-1135G7 @ 2.40GHz, 8 cores, 7G, Ubuntu 20.04.6 LTS
Time: Wed Feb  7 09:26:53 2024 -03 elapsed time: 0.025002 seconds (0d 0h 0m 0s)

---------------  T H R E A D  ---------------

Current thread (0x000055f6255eaf40):  JavaThread "Unknown thread" [_thread_in_vm, id=74434, stack(0x00007ffec45cf000,0x00007ffec4dcc000)]

Stack: [0x00007ffec45cf000,0x00007ffec4dcc000],  sp=0x00007ffec4dc7300,  free space=8160k
Native frames: (J=compiled Java code, j=interpreted, Vv=VM code, C=native code)
V  [libjvm.so+0xee0831]  VMError::report_and_die(int, char const*, char const*, __va_list_tag*, Thread*, unsigned char*, void*, void*, char const*, int, unsigned long)+0x1a1
V  [libjvm.so+0xee141d]  VMError::report_and_die(Thread*, char const*, int, unsigned long, VMErrorType, char const*, __va_list_tag*)+0x2d
V  [libjvm.so+0x60a3ac]  report_vm_out_of_memory(char const*, int, unsigned long, VMErrorType, char const*, ...)+0xdc
V  [libjvm.so+0xf1475f]  WorkerManager::add_workers(WorkGang*, unsigned int, unsigned int, unsigned int, os::ThreadType, bool)+0x18f
V  [libjvm.so+0xf148fa]  WorkGang::initialize_workers()+0x4a
V  [libjvm.so+0x6f1ec1]  G1CollectedHeap::initialize()+0x6c1
V  [libjvm.so+0xe8e872]  universe_init()+0xd2
V  [libjvm.so+0x7ff8b7]  init_globals()+0x37
V  [libjvm.so+0xe6505d]  Threads::create_vm(JavaVMInitArgs*, bool*)+0x36d
V  [libjvm.so+0x8bfb52]  JNI_CreateJavaVM+0x52
C  [libjli.so+0x9c6f]  JavaMain+0x8f
C  [libjli.so+0xeb80]  CallJavaMainInNewThread+0xb0
C  [libjli.so+0xbc5d]  ContinueInNewThread+0x5d
C  [libjli.so+0xd2d4]  JLI_Launch+0x1484
C  [jcmd+0x1216]  main+0x136


---------------  P R O C E S S  ---------------

Threads class SMR info:
_java_thread_list=0x00007f3f0142efc0, length=0, elements={
}

Java Threads: ( => current thread )

Other Threads:

[error occurred during error reporting (printing all threads), id 0xb, SIGSEGV (0xb) at pc=0x00007f3f007f0820]

VM state: not at safepoint (not fully initialized)

VM Mutex/Monitor currently owned by a thread:  ([mutex/lock_event])
[0x000055f6255e82d0] Heap_lock - owner thread: 0x000055f6255eaf40

Heap address: 0x0000000088000000, size: 1920 MB, Compressed Oops mode: 32-bit

CDS archive(s) mapped at: [0x0000000000000000-0x0000000000000000-0x0000000000000000), size 0, SharedBaseAddress: 0x0000000800000000, ArchiveRelocationMode: 1.
Narrow klass base: 0x0000000000000000, Narrow klass shift: 0, Narrow klass range: 0x0

GC Precious Log:
<Empty>

Heap:
 garbage-first heap   total 0K, used 0K [0x0000000088000000, 0x0000000100000000)
  region size 1024K, 0 young (0K), 0 survivors (0K)

[error occurred during error reporting (printing heap information), id 0xb, SIGSEGV (0xb) at pc=0x00007f3f00dba11a]

GC Heap History (0 events):
No events

Dll operation events (1 events):
Event: 0.004 Loaded shared library /home/ricardojunior/.vscode/extensions/redhat.java-1.27.0-linux-x64/jre/17.0.10-linux-x86_64/lib/libjava.so

Deoptimization events (0 events):
No events

Classes unloaded (0 events):
No events

Classes redefined (0 events):
No events

Internal exceptions (0 events):
No events

VM Operations (0 events):
No events

Events (1 events):
Event: 0.004 Protecting memory [0x00007ffec45cf000,0x00007ffec45d3000] with protection modes 0


Dynamic libraries:
88000000-100000000 ---p 00000000 00:00 0 
55f624512000-55f624513000 r--p 00000000 103:03 18258367                  /home/ricardojunior/.vscode/extensions/redhat.java-1.27.0-linux-x64/jre/17.0.10-linux-x86_64/bin/jcmd
55f624513000-55f624514000 r-xp 00001000 103:03 18258367                  /home/ricardojunior/.vscode/extensions/redhat.java-1.27.0-linux-x64/jre/17.0.10-linux-x86_64/bin/jcmd
55f624514000-55f624515000 r--p 00002000 103:03 18258367                  /home/ricardojunior/.vscode/extensions/redhat.java-1.27.0-linux-x64/jre/17.0.10-linux-x86_64/bin/jcmd
55f624515000-55f624516000 r--p 00002000 103:03 18258367                  /home/ricardojunior/.vscode/extensions/redhat.java-1.27.0-linux-x64/jre/17.0.10-linux-x86_64/bin/jcmd
55f624516000-55f624517000 rw-p 00003000 103:03 18258367                  /home/ricardojunior/.vscode/extensions/redhat.java-1.27.0-linux-x64/jre/17.0.10-linux-x86_64/bin/jcmd
55f62559f000-55f62565f000 rw-p 00000000 00:00 0                          [heap]
7f3ee8c90000-7f3ee90f3000 rw-p 00000000 00:00 0 
7f3ee90f3000-7f3eed833000 ---p 00000000 00:00 0 
7f3eed833000-7f3eee040000 rw-p 00000000 00:00 0 
7f3eee040000-7f3eee126000 ---p 00000000 00:00 0 
7f3eee126000-7f3eee12b000 rw-p 00000000 00:00 0 
7f3eee12b000-7f3eee211000 ---p 00000000 00:00 0 
7f3eee211000-7f3eee481000 rwxp 00000000 00:00 0 
7f3eee481000-7f3ef5748000 ---p 00000000 00:00 0 
7f3ef5748000-7f3ef59b8000 rwxp 00000000 00:00 0 
7f3ef59b8000-7f3ef5cda000 ---p 00000000 00:00 0 
7f3ef5cda000-7f3ef5f4a000 rwxp 00000000 00:00 0 
7f3ef5f4a000-7f3efd211000 ---p 00000000 00:00 0 
7f3efd211000-7f3efd21f000 r--p 00000000 103:03 20456919                  /home/ricardojunior/.vscode/extensions/redhat.java-1.27.0-linux-x64/jre/17.0.10-linux-x86_64/lib/libjava.so
7f3efd21f000-7f3efd231000 r-xp 0000e000 103:03 20456919                  /home/ricardojunior/.vscode/extensions/redhat.java-1.27.0-linux-x64/jre/17.0.10-linux-x86_64/lib/libjava.so
7f3efd231000-7f3efd237000 r--p 00020000 103:03 20456919                  /home/ricardojunior/.vscode/extensions/redhat.java-1.27.0-linux-x64/jre/17.0.10-linux-x86_64/lib/libjava.so
7f3efd237000-7f3efd238000 ---p 00026000 103:03 20456919                  /home/ricardojunior/.vscode/extensions/redhat.java-1.27.0-linux-x64/jre/17.0.10-linux-x86_64/lib/libjava.so
7f3efd238000-7f3efd239000 r--p 00026000 103:03 20456919                  /home/ricardojunior/.vscode/extensions/redhat.java-1.27.0-linux-x64/jre/17.0.10-linux-x86_64/lib/libjava.so
7f3efd239000-7f3efd23a000 rw-p 00027000 103:03 20456919                  /home/ricardojunior/.vscode/extensions/redhat.java-1.27.0-linux-x64/jre/17.0.10-linux-x86_64/lib/libjava.so
7f3efd23a000-7f3efd23b000 rw-p 00000000 00:00 0 
7f3efd23b000-7f3efd23e000 r--p 00000000 103:03 19666421                  /usr/lib/x86_64-linux-gnu/libnss_files-2.31.so
7f3efd23e000-7f3efd245000 r-xp 00003000 103:03 19666421                  /usr/lib/x86_64-linux-gnu/libnss_files-2.31.so
7f3efd245000-7f3efd247000 r--p 0000a000 103:03 19666421                  /usr/lib/x86_64-linux-gnu/libnss_files-2.31.so
7f3efd247000-7f3efd248000 r--p 0000b000 103:03 19666421                  /usr/lib/x86_64-linux-gnu/libnss_files-2.31.so
7f3efd248000-7f3efd249000 rw-p 0000c000 103:03 19666421                  /usr/lib/x86_64-linux-gnu/libnss_files-2.31.so
7f3efd249000-7f3efd24f000 rw-p 00000000 00:00 0 
7f3efd25b000-7f3efd260000 rw-p 00000000 00:00 0 
7f3efd260000-7f3efd267000 ---p 00000000 00:00 0 
7f3efd267000-7f3efd26f000 rw-s 00000000 103:03 6422577                   /tmp/hsperfdata_ricardojunior/74434
7f3efd26f000-7f3efd270000 ---p 00000000 00:00 0 
7f3efd270000-7f3efd271000 r--p 00000000 00:00 0 
7f3efd271000-7f3effe98000 r--s 00000000 103:03 20456941                  /home/ricardojunior/.vscode/extensions/redhat.java-1.27.0-linux-x64/jre/17.0.10-linux-x86_64/lib/modules
7f3effe98000-7f3effe99000 ---p 00000000 00:00 0 
7f3effe99000-7f3efff99000 rw-p 00000000 00:00 0 
7f3efff99000-7f3efffa6000 r--p 00000000 103:03 19664991                  /usr/lib/x86_64-linux-gnu/libm-2.31.so
7f3efffa6000-7f3f0004d000 r-xp 0000d000 103:03 19664991                  /usr/lib/x86_64-linux-gnu/libm-2.31.so
7f3f0004d000-7f3f000e6000 r--p 000b4000 103:03 19664991                  /usr/lib/x86_64-linux-gnu/libm-2.31.so
7f3f000e6000-7f3f000e7000 r--p 0014c000 103:03 19664991                  /usr/lib/x86_64-linux-gnu/libm-2.31.so
7f3f000e7000-7f3f000e8000 rw-p 0014d000 103:03 19664991                  /usr/lib/x86_64-linux-gnu/libm-2.31.so
7f3f000e8000-7f3f000ea000 r--p 00000000 103:03 19666769                  /usr/lib/x86_64-linux-gnu/librt-2.31.so
7f3f000ea000-7f3f000ee000 r-xp 00002000 103:03 19666769                  /usr/lib/x86_64-linux-gnu/librt-2.31.so
7f3f000ee000-7f3f000f0000 r--p 00006000 103:03 19666769                  /usr/lib/x86_64-linux-gnu/librt-2.31.so
7f3f000f0000-7f3f000f1000 r--p 00007000 103:03 19666769                  /usr/lib/x86_64-linux-gnu/librt-2.31.so
7f3f000f1000-7f3f000f2000 rw-p 00008000 103:03 19666769                  /usr/lib/x86_64-linux-gnu/librt-2.31.so
7f3f000f2000-7f3f00345000 r--p 00000000 103:03 20456951                  /home/ricardojunior/.vscode/extensions/redhat.java-1.27.0-linux-x64/jre/17.0.10-linux-x86_64/lib/server/libjvm.so
7f3f00345000-7f3f01064000 r-xp 00253000 103:03 20456951                  /home/ricardojunior/.vscode/extensions/redhat.java-1.27.0-linux-x64/jre/17.0.10-linux-x86_64/lib/server/libjvm.so
7f3f01064000-7f3f012f0000 r--p 00f72000 103:03 20456951                  /home/ricardojunior/.vscode/extensions/redhat.java-1.27.0-linux-x64/jre/17.0.10-linux-x86_64/lib/server/libjvm.so
7f3f012f0000-7f3f012f1000 ---p 011fe000 103:03 20456951                  /home/ricardojunior/.vscode/extensions/redhat.java-1.27.0-linux-x64/jre/17.0.10-linux-x86_64/lib/server/libjvm.so
7f3f012f1000-7f3f013aa000 r--p 011fe000 103:03 20456951                  /home/ricardojunior/.vscode/extensions/redhat.java-1.27.0-linux-x64/jre/17.0.10-linux-x86_64/lib/server/libjvm.so
7f3f013aa000-7f3f013df000 rw-p 012b7000 103:03 20456951                  /home/ricardojunior/.vscode/extensions/redhat.java-1.27.0-linux-x64/jre/17.0.10-linux-x86_64/lib/server/libjvm.so
7f3f013df000-7f3f0143b000 rw-p 00000000 00:00 0 
7f3f0143b000-7f3f0145d000 r--p 00000000 103:03 19663359                  /usr/lib/x86_64-linux-gnu/libc-2.31.so
7f3f0145d000-7f3f015d5000 r-xp 00022000 103:03 19663359                  /usr/lib/x86_64-linux-gnu/libc-2.31.so
7f3f015d5000-7f3f01623000 r--p 0019a000 103:03 19663359                  /usr/lib/x86_64-linux-gnu/libc-2.31.so
7f3f01623000-7f3f01627000 r--p 001e7000 103:03 19663359                  /usr/lib/x86_64-linux-gnu/libc-2.31.so
7f3f01627000-7f3f01629000 rw-p 001eb000 103:03 19663359                  /usr/lib/x86_64-linux-gnu/libc-2.31.so
7f3f01629000-7f3f0162d000 rw-p 00000000 00:00 0 
7f3f0162d000-7f3f0162e000 r--p 00000000 103:03 19663487                  /usr/lib/x86_64-linux-gnu/libdl-2.31.so
7f3f0162e000-7f3f01630000 r-xp 00001000 103:03 19663487                  /usr/lib/x86_64-linux-gnu/libdl-2.31.so
7f3f01630000-7f3f01631000 r--p 00003000 103:03 19663487                  /usr/lib/x86_64-linux-gnu/libdl-2.31.so
7f3f01631000-7f3f01632000 r--p 00003000 103:03 19663487                  /usr/lib/x86_64-linux-gnu/libdl-2.31.so
7f3f01632000-7f3f01633000 rw-p 00004000 103:03 19663487                  /usr/lib/x86_64-linux-gnu/libdl-2.31.so
7f3f01633000-7f3f01639000 r--p 00000000 103:03 19666639                  /usr/lib/x86_64-linux-gnu/libpthread-2.31.so
7f3f01639000-7f3f0164a000 r-xp 00006000 103:03 19666639                  /usr/lib/x86_64-linux-gnu/libpthread-2.31.so
7f3f0164a000-7f3f01650000 r--p 00017000 103:03 19666639                  /usr/lib/x86_64-linux-gnu/libpthread-2.31.so
7f3f01650000-7f3f01651000 r--p 0001c000 103:03 19666639                  /usr/lib/x86_64-linux-gnu/libpthread-2.31.so
7f3f01651000-7f3f01652000 rw-p 0001d000 103:03 19666639                  /usr/lib/x86_64-linux-gnu/libpthread-2.31.so
7f3f01652000-7f3f01656000 rw-p 00000000 00:00 0 
7f3f01656000-7f3f0165a000 r--p 00000000 103:03 20456923                  /home/ricardojunior/.vscode/extensions/redhat.java-1.27.0-linux-x64/jre/17.0.10-linux-x86_64/lib/libjimage.so
7f3f0165a000-7f3f0166d000 r-xp 00004000 103:03 20456923                  /home/ricardojunior/.vscode/extensions/redhat.java-1.27.0-linux-x64/jre/17.0.10-linux-x86_64/lib/libjimage.so
7f3f0166d000-7f3f01673000 r--p 00017000 103:03 20456923                  /home/ricardojunior/.vscode/extensions/redhat.java-1.27.0-linux-x64/jre/17.0.10-linux-x86_64/lib/libjimage.so
7f3f01673000-7f3f01675000 r--p 0001c000 103:03 20456923                  /home/ricardojunior/.vscode/extensions/redhat.java-1.27.0-linux-x64/jre/17.0.10-linux-x86_64/lib/libjimage.so
7f3f01675000-7f3f01676000 rw-p 0001e000 103:03 20456923                  /home/ricardojunior/.vscode/extensions/redhat.java-1.27.0-linux-x64/jre/17.0.10-linux-x86_64/lib/libjimage.so
7f3f01676000-7f3f01679000 r--p 00000000 103:03 20456924                  /home/ricardojunior/.vscode/extensions/redhat.java-1.27.0-linux-x64/jre/17.0.10-linux-x86_64/lib/libjli.so
7f3f01679000-7f3f01689000 r-xp 00003000 103:03 20456924                  /home/ricardojunior/.vscode/extensions/redhat.java-1.27.0-linux-x64/jre/17.0.10-linux-x86_64/lib/libjli.so
7f3f01689000-7f3f01690000 r--p 00013000 103:03 20456924                  /home/ricardojunior/.vscode/extensions/redhat.java-1.27.0-linux-x64/jre/17.0.10-linux-x86_64/lib/libjli.so
7f3f01690000-7f3f01691000 r--p 00019000 103:03 20456924                  /home/ricardojunior/.vscode/extensions/redhat.java-1.27.0-linux-x64/jre/17.0.10-linux-x86_64/lib/libjli.so
7f3f01691000-7f3f01692000 rw-p 0001a000 103:03 20456924                  /home/ricardojunior/.vscode/extensions/redhat.java-1.27.0-linux-x64/jre/17.0.10-linux-x86_64/lib/libjli.so
7f3f01692000-7f3f01694000 rw-p 00000000 00:00 0 
7f3f01694000-7f3f01695000 r--p 00000000 103:03 19663237                  /usr/lib/x86_64-linux-gnu/ld-2.31.so
7f3f01695000-7f3f016b8000 r-xp 00001000 103:03 19663237                  /usr/lib/x86_64-linux-gnu/ld-2.31.so
7f3f016b8000-7f3f016c0000 r--p 00024000 103:03 19663237                  /usr/lib/x86_64-linux-gnu/ld-2.31.so
7f3f016c0000-7f3f016c1000 ---p 00000000 00:00 0 
7f3f016c1000-7f3f016c2000 r--p 0002c000 103:03 19663237                  /usr/lib/x86_64-linux-gnu/ld-2.31.so
7f3f016c2000-7f3f016c3000 rw-p 0002d000 103:03 19663237                  /usr/lib/x86_64-linux-gnu/ld-2.31.so
7f3f016c3000-7f3f016c4000 rw-p 00000000 00:00 0 
7ffec45cf000-7ffec45d3000 ---p 00000000 00:00 0 
7ffec4dad000-7ffec4dcf000 rw-p 00000000 00:00 0                          [stack]
7ffec4de6000-7ffec4dea000 r--p 00000000 00:00 0                          [vvar]
7ffec4dea000-7ffec4dec000 r-xp 00000000 00:00 0                          [vdso]
ffffffffff600000-ffffffffff601000 --xp 00000000 00:00 0                  [vsyscall]


VM Arguments:
jvm_args: -Dapplication.home=/home/ricardojunior/.vscode/extensions/redhat.java-1.27.0-linux-x64/jre/17.0.10-linux-x86_64 -Xms8m -Djdk.module.main=jdk.jcmd 
java_command: jdk.jcmd/sun.tools.jcmd.JCmd 45941 VM.uptime
java_class_path (initial): <not set>
Launcher Type: SUN_STANDARD

[Global flags]
     intx CICompilerCount                          = 4                                         {product} {ergonomic}
     uint ConcGCThreads                            = 2                                         {product} {ergonomic}
     uint G1ConcRefinementThreads                  = 8                                         {product} {ergonomic}
   size_t G1HeapRegionSize                         = 1048576                                   {product} {ergonomic}
    uintx GCDrainStackTargetSize                   = 64                                        {product} {ergonomic}
   size_t InitialHeapSize                          = 8388608                                   {product} {command line}
   size_t MarkStackSize                            = 4194304                                   {product} {ergonomic}
   size_t MaxHeapSize                              = 2013265920                                {product} {ergonomic}
   size_t MinHeapDeltaBytes                        = 1048576                                   {product} {ergonomic}
   size_t MinHeapSize                              = 8388608                                   {product} {command line}
    uintx NonNMethodCodeHeapSize                   = 5839372                                {pd product} {ergonomic}
    uintx NonProfiledCodeHeapSize                  = 122909434                              {pd product} {ergonomic}
    uintx ProfiledCodeHeapSize                     = 122909434                              {pd product} {ergonomic}
    uintx ReservedCodeCacheSize                    = 251658240                              {pd product} {ergonomic}
     bool SegmentedCodeCache                       = true                                      {product} {ergonomic}
   size_t SoftMaxHeapSize                          = 2013265920                             {manageable} {ergonomic}
     bool UseCompressedClassPointers               = true                           {product lp64_product} {ergonomic}
     bool UseCompressedOops                        = true                           {product lp64_product} {ergonomic}
     bool UseG1GC                                  = true                                      {product} {ergonomic}

Logging:
Log output configuration:
 #0: stdout all=warning uptime,level,tags
 #1: stderr all=off uptime,level,tags

Environment Variables:
JAVA_HOME=/usr/lib/jvm/java-17-openjdk-amd64
PATH=/home/ricardojunior/.nvm/versions/node/v20.0.0/bin:/home/ricardojunior/.npm-global/bin:/home/ricardojunior/.npm-global/bin:/home/ricardojunior/.npm-global/bin:/home/ricardojunior/.npm-global/bin:/home/ricardojunior/.local/bin:/home/ricardojunior/bin:/usr/local/sbin:/usr/local/bin:/usr/sbin:/usr/bin:/sbin:/bin:/usr/games:/usr/local/games:/snap/bin:/home/ricardojunior/.dotnet/tools: /home/ricardojunior/mobile/flutter/bin:/usr/local/hbase-2.5.5-bin/hbase-2.5.5/bin
USERNAME=ricardojunior
SHELL=/bin/bash
DISPLAY=:0
LANG=pt_BR.UTF-8
LC_NUMERIC=pt_BR.UTF-8
LC_TIME=pt_BR.UTF-8
TERM=xterm-256color

Active Locale:
LC_ALL=C
LC_COLLATE=C
LC_CTYPE=C
LC_MESSAGES=C
LC_MONETARY=C
LC_NUMERIC=C
LC_TIME=C

Signal Handlers:
   SIGSEGV: crash_handler in libjvm.so, mask=11100100010111111101111111111110, flags=SA_RESTART|SA_SIGINFO, unblocked
    SIGBUS: crash_handler in libjvm.so, mask=11100100010111111101111111111110, flags=SA_RESTART|SA_SIGINFO, unblocked
    SIGFPE: crash_handler in libjvm.so, mask=11100100010111111101111111111110, flags=SA_RESTART|SA_SIGINFO, unblocked
   SIGPIPE: javaSignalHandler in libjvm.so, mask=11100100010111111101111111111110, flags=SA_RESTART|SA_SIGINFO, blocked
   SIGXFSZ: javaSignalHandler in libjvm.so, mask=11100100010111111101111111111110, flags=SA_RESTART|SA_SIGINFO, blocked
    SIGILL: crash_handler in libjvm.so, mask=11100100010111111101111111111110, flags=SA_RESTART|SA_SIGINFO, unblocked
   SIGUSR2: SR_handler in libjvm.so, mask=00000000000000000000000000000000, flags=SA_RESTART|SA_SIGINFO, blocked
    SIGHUP: SIG_DFL, mask=00000000000000000000000000000000, flags=none, blocked
    SIGINT: SIG_DFL, mask=00000000000000000000000000000000, flags=none, blocked
   SIGTERM: SIG_DFL, mask=00000000000000000000000000000000, flags=none, blocked
   SIGQUIT: UserHandler in libjvm.so, mask=11100100010111111101111111111110, flags=SA_RESTART|SA_SIGINFO, blocked
   SIGTRAP: crash_handler in libjvm.so, mask=11100100010111111101111111111110, flags=SA_RESTART|SA_SIGINFO, unblocked


Periodic native trim disabled


---------------  S Y S T E M  ---------------

OS:
DISTRIB_ID=Ubuntu
DISTRIB_RELEASE=20.04
DISTRIB_CODENAME=focal
DISTRIB_DESCRIPTION="Ubuntu 20.04.6 LTS"
uname: Linux 5.15.0-92-generic #102~20.04.1-Ubuntu SMP Mon Jan 15 13:09:14 UTC 2024 x86_64
OS uptime: 0 days 17:57 hours
libc: glibc 2.31 NPTL 2.31 
rlimit (soft/hard): STACK 8192k/infinity , CORE 0k/infinity , NPROC 30226/30226 , NOFILE 1048576/1048576 , AS infinity/infinity , CPU infinity/infinity , DATA infinity/infinity , FSIZE infinity/infinity , MEMLOCK 65536k/65536k
load average: 1.93 1.45 1.12

/proc/meminfo:
MemTotal:        7857436 kB
MemFree:          169640 kB
MemAvailable:    2473900 kB
Buffers:          122088 kB
Cached:          2822536 kB
SwapCached:         9864 kB
Active:          1748588 kB
Inactive:        4779804 kB
Active(anon):     100524 kB
Inactive(anon):  3990844 kB
Active(file):    1648064 kB
Inactive(file):   788960 kB
Unevictable:       55728 kB
Mlocked:              64 kB
SwapTotal:       2097148 kB
SwapFree:        1953788 kB
Dirty:              1096 kB
Writeback:             0 kB
AnonPages:       3630552 kB
Mapped:           829060 kB
Shmem:            507108 kB
KReclaimable:     189748 kB
Slab:             536596 kB
SReclaimable:     189748 kB
SUnreclaim:       346848 kB
KernelStack:      326000 kB
PageTables:        80140 kB
NFS_Unstable:          0 kB
Bounce:                0 kB
WritebackTmp:          0 kB
CommitLimit:     6025864 kB
Committed_AS:   32474144 kB
VmallocTotal:   34359738367 kB
VmallocUsed:      362248 kB
VmallocChunk:          0 kB
Percpu:            10368 kB
HardwareCorrupted:     0 kB
AnonHugePages:         0 kB
ShmemHugePages:        0 kB
ShmemPmdMapped:        0 kB
FileHugePages:         0 kB
FilePmdMapped:         0 kB
HugePages_Total:       0
HugePages_Free:        0
HugePages_Rsvd:        0
HugePages_Surp:        0
Hugepagesize:       2048 kB
Hugetlb:               0 kB
DirectMap4k:      421036 kB
DirectMap2M:     5599232 kB
DirectMap1G:     3145728 kB

/sys/kernel/mm/transparent_hugepage/enabled: always [madvise] never
/sys/kernel/mm/transparent_hugepage/defrag (defrag/compaction efforts parameter): always defer defer+madvise [madvise] never

Process Memory:
Virtual Size: 2370660K (peak: 2370660K)
Resident Set Size: 18832K (peak: 18832K) (anon: 5932K, file: 12900K, shmem: 0K)
Swapped out: 0K
C-Heap outstanding allocations: 12939K, retained: 48K
glibc malloc tunables: (default)

/proc/sys/kernel/threads-max (system-wide limit on the number of threads): 60452
/proc/sys/vm/max_map_count (maximum number of memory map areas a process may have): 65530
/proc/sys/kernel/pid_max (system-wide limit on number of process identifiers): 4194304

container (cgroup) information:
container_type: cgroupv1
cpu_cpuset_cpus: 0-7
cpu_memory_nodes: 0
active_processor_count: 8
cpu_quota: no quota
cpu_period: 100000
cpu_shares: no shares
memory_limit_in_bytes: unlimited
memory_and_swap_limit_in_bytes: unlimited
memory_soft_limit_in_bytes: unlimited
memory_usage_in_bytes: 5533936 k
memory_max_usage_in_bytes: 5551604 k
kernel_memory_usage_in_bytes: 646116 k
kernel_memory_max_usage_in_bytes: unlimited
kernel_memory_limit_in_bytes: 649216 k
maximum number of tasks: unlimited
current number of tasks: 19930

Steal ticks since vm start: 0
Steal ticks percentage since vm start:  0.000

CPU: total 8 (initial active 8) (4 cores per cpu, 2 threads per core) family 6 model 140 stepping 1 microcode 0xb4, cx8, cmov, fxsr, ht, mmx, 3dnowpref, sse, sse2, sse3, ssse3, sse4.1, sse4.2, popcnt, lzcnt, tsc, tscinvbit, avx, avx2, aes, erms, clmul, bmi1, bmi2, adx, avx512f, avx512dq, avx512cd, avx512bw, avx512vl, sha, fma, vzeroupper, avx512_vpopcntdq, avx512_vpclmulqdq, avx512_vaes, avx512_vnni, clflush, clflushopt, clwb, avx512_vbmi2, avx512_vbmi
CPU Model and flags from /proc/cpuinfo:
model name	: 11th Gen Intel(R) Core(TM) i5-1135G7 @ 2.40GHz
flags		: fpu vme de pse tsc msr pae mce cx8 apic sep mtrr pge mca cmov pat pse36 clflush dts acpi mmx fxsr sse sse2 ss ht tm pbe syscall nx pdpe1gb rdtscp lm constant_tsc art arch_perfmon pebs bts rep_good nopl xtopology nonstop_tsc cpuid aperfmperf tsc_known_freq pni pclmulqdq dtes64 monitor ds_cpl vmx est tm2 ssse3 sdbg fma cx16 xtpr pdcm pcid sse4_1 sse4_2 x2apic movbe popcnt tsc_deadline_timer aes xsave avx f16c rdrand lahf_lm abm 3dnowprefetch cpuid_fault epb cat_l2 invpcid_single cdp_l2 ssbd ibrs ibpb stibp ibrs_enhanced tpr_shadow vnmi flexpriority ept vpid ept_ad fsgsbase tsc_adjust bmi1 avx2 smep bmi2 erms invpcid rdt_a avx512f avx512dq rdseed adx smap avx512ifma clflushopt clwb intel_pt avx512cd sha_ni avx512bw avx512vl xsaveopt xsavec xgetbv1 xsaves split_lock_detect dtherm ida arat pln pts hwp hwp_notify hwp_act_window hwp_epp hwp_pkg_req avx512vbmi umip pku ospke avx512_vbmi2 gfni vaes vpclmulqdq avx512_vnni avx512_bitalg avx512_vpopcntdq rdpid movdiri movdir64b fsrm avx512_vp2intersect md_clear flush_l1d arch_capabilities

Online cpus: 0-7
Offline cpus: 
BIOS frequency limitation: <Not Available>
Frequency switch latency (ns): 0
Available cpu frequencies: <Not Available>
Current governor: powersave
Core performance/turbo boost: <Not Available>

Memory: 4k page, physical 7857436k(169140k free), swap 2097148k(1953788k free)
Page Sizes: 4k

vm_info: OpenJDK 64-Bit Server VM (17.0.10+7) for linux-amd64 JRE (17.0.10+7), built on Jan 16 2024 00:00:00 by "admin" with gcc 10.3.0

END.
